2026-03-04T01:14:06.485Z [INFO]: Backend running on port 3001
2026-03-04T01:14:06.492Z [ERROR]: SerialPort Error: Opening COM3: File not found
2026-03-04T01:20:22.325Z [INFO]: CARD_EN simulated (mock)
2026-03-04T02:16:52.113Z [INFO]: CARD_EN simulated (mock)
2026-03-04T02:21:31.242Z [INFO]: CARD_EN simulated (mock)
2026-03-04T02:46:30.498Z [INFO]: Backend running on port 3001
2026-03-04T02:46:30.506Z [ERROR]: SerialPort Error: Opening COM3: File not found
2026-03-04T02:46:40.061Z [INFO]: WebSocket client connected
2026-03-04T02:55:17.846Z [INFO]: Backend running on port 3001
2026-03-04T02:55:17.854Z [ERROR]: SerialPort Error: Opening COM3: File not found
2026-03-04T02:55:27.118Z [INFO]: WebSocket client connected
2026-03-04T06:04:12.629Z [INFO]: Backend running on port 3001
2026-03-04T06:04:12.633Z [ERROR]: SerialPort Error: Opening COM3: File not found
2026-03-04T06:06:29.228Z [INFO]: Backend running on port 3001
2026-03-04T06:06:29.232Z [ERROR]: SerialPort Error: Opening COM3: File not found
2026-03-04T06:31:00.827Z [INFO]: CARD_EN simulated (mock)
2026-03-04T06:31:25.109Z [INFO]: WebSocket client connected
2026-03-04T06:36:51.036Z [INFO]: WebSocket client connected
2026-03-04T06:59:57.388Z [INFO]: WebSocket server running on ws://localhost:8080
2026-03-04T06:59:57.396Z [INFO]: Backend running on port 3001
2026-03-04T06:59:57.400Z [ERROR]: SerialPort Error: Opening /dev/ttyAMA0: Unknown error code 3
2026-03-04T07:56:14.000Z [INFO]: WebSocket client connected
2026-03-04T07:56:50.898Z [INFO]: WebSocket server running on ws://localhost:8080
2026-03-04T07:56:50.907Z [INFO]: Backend running on port 3001
2026-03-04T07:56:50.911Z [ERROR]: SerialPort Error: Opening /dev/ttyAMA0: Unknown error code 3
2026-03-05T01:37:24.656Z [INFO]: WebSocket server running on ws://localhost:8080
2026-03-05T01:37:24.664Z [INFO]: Backend running on port 3001
2026-03-05T01:37:24.669Z [ERROR]: SerialPort Error: Opening /dev/ttyAMA0: Unknown error code 3
2026-03-05T01:37:29.935Z [INFO]: WebSocket client connected
2026-03-05T01:46:04.787Z [INFO]: WebSocket client connected
2026-03-05T01:46:43.111Z [INFO]: WebSocket client connected
2026-03-05T05:33:08.280Z [INFO]: WebSocket server running on ws://localhost:8080
2026-03-05T05:33:08.289Z [INFO]: Backend running on port 3001
2026-03-05T05:33:08.293Z [ERROR]: SerialPort Error: Opening /dev/ttyAMA0: Unknown error code 3
2026-03-05T05:36:15.128Z [INFO]: WebSocket server running on ws://localhost:8080
2026-03-05T05:36:15.136Z [INFO]: Backend running on port 3001
2026-03-05T05:36:15.140Z [ERROR]: SerialPort Error: Opening /dev/ttyAMA0: Unknown error code 3
2026-03-05T05:40:26.350Z [INFO]: WebSocket client connected
2026-03-05T05:40:36.352Z [INFO]: WebSocket client connected
